Determining if the pthread_create exist failed with the following output:
Change Dir: /home/lab/work/ws/build/CMakeFiles/CMakeTmp

Run Build Command:"/usr/bin/make" "cmTC_e27a7/fast"
/usr/bin/make -f CMakeFiles/cmTC_e27a7.dir/build.make CMakeFiles/cmTC_e27a7.dir/build
make[1]: 进入目录“/home/lab/work/ws/build/CMakeFiles/CMakeTmp”
Building C object CMakeFiles/cmTC_e27a7.dir/CheckSymbolExists.c.o
/usr/bin/cc    -o CMakeFiles/cmTC_e27a7.dir/CheckSymbolExists.c.o   -c /home/lab/work/ws/build/CMakeFiles/CMakeTmp/CheckSymbolExists.c
Linking C executable cmTC_e27a7
/usr/bin/cmake -E cmake_link_script CMakeFiles/cmTC_e27a7.dir/link.txt --verbose=1
/usr/bin/cc      -rdynamic CMakeFiles/cmTC_e27a7.dir/CheckSymbolExists.c.o  -o cmTC_e27a7 
CMakeFiles/cmTC_e27a7.dir/CheckSymbolExists.c.o：在函数‘main’中：
CheckSymbolExists.c:(.text+0x1b)：对‘pthread_create’未定义的引用
collect2: error: ld returned 1 exit status
CMakeFiles/cmTC_e27a7.dir/build.make:97: recipe for target 'cmTC_e27a7' failed
make[1]: *** [cmTC_e27a7] Error 1
make[1]: 离开目录“/home/lab/work/ws/build/CMakeFiles/CMakeTmp”
Makefile:126: recipe for target 'cmTC_e27a7/fast' failed
make: *** [cmTC_e27a7/fast] Error 2

File /home/lab/work/ws/build/CMakeFiles/CMakeTmp/CheckSymbolExists.c:
/* */
#include <pthread.h>

int main(int argc, char** argv)
{
  (void)argv;
#ifndef pthread_create
  return ((int*)(&pthread_create))[argc];
#else
  (void)argc;
  return 0;
#endif
}

Determining if the function pthread_create exists in the pthreads failed with the following output:
Change Dir: /home/lab/work/ws/build/CMakeFiles/CMakeTmp

Run Build Command:"/usr/bin/make" "cmTC_304c8/fast"
/usr/bin/make -f CMakeFiles/cmTC_304c8.dir/build.make CMakeFiles/cmTC_304c8.dir/build
make[1]: 进入目录“/home/lab/work/ws/build/CMakeFiles/CMakeTmp”
Building C object CMakeFiles/cmTC_304c8.dir/CheckFunctionExists.c.o
/usr/bin/cc   -DCHECK_FUNCTION_EXISTS=pthread_create   -o CMakeFiles/cmTC_304c8.dir/CheckFunctionExists.c.o   -c /usr/share/cmake-3.10/Modules/CheckFunctionExists.c
Linking C executable cmTC_304c8
/usr/bin/cmake -E cmake_link_script CMakeFiles/cmTC_304c8.dir/link.txt --verbose=1
/usr/bin/cc  -DCHECK_FUNCTION_EXISTS=pthread_create    -rdynamic CMakeFiles/cmTC_304c8.dir/CheckFunctionExists.c.o  -o cmTC_304c8 -lpthreads 
/usr/bin/ld: 找不到 -lpthreads
collect2: error: ld returned 1 exit status
CMakeFiles/cmTC_304c8.dir/build.make:97: recipe for target 'cmTC_304c8' failed
make[1]: *** [cmTC_304c8] Error 1
make[1]: 离开目录“/home/lab/work/ws/build/CMakeFiles/CMakeTmp”
Makefile:126: recipe for target 'cmTC_304c8/fast' failed
make: *** [cmTC_304c8/fast] Error 2


